#
# There is insufficient memory for the Java Runtime Environment to continue.
# Native memory allocation (malloc) failed to allocate 32744 bytes for ChunkPool::allocate
# Possible reasons:
#   The system is out of physical RAM or swap space
#   The process is running with CompressedOops enabled, and the Java Heap may be blocking the growth of the native heap
# Possible solutions:
#   Reduce memory load on the system
#   Increase physical memory or swap space
#   Check if swap backing store is full
#   Decrease Java heap size (-Xmx/-Xms)
#   Decrease number of Java threads
#   Decrease Java thread stack sizes (-Xss)
#   Set larger code cache with -XX:ReservedCodeCacheSize=
#   JVM is running with Unscaled Compressed Oops mode in which the Java heap is
#     placed in the first 4GB address space. The Java Heap base address is the
#     maximum limit for the native heap growth. Please use -XX:HeapBaseMinAddress
#     to set the Java Heap base and to place the Java Heap above 4GB virtual address.
# This output file may be truncated or incomplete.
#
#  Out of Memory Error (allocation.cpp:272), pid=3592, tid=0x0000000000001050
#
# JRE version: Java(TM) SE Runtime Environment (8.0_202-b08) (build 1.8.0_202-b08)
# Java VM: Java HotSpot(TM) 64-Bit Server VM (25.202-b08 mixed mode windows-amd64 compressed oops)
# Failed to write core dump. Minidumps are not enabled by default on client versions of Windows
#

---------------  T H R E A D  ---------------

Current thread (0x0000000014260000):  JavaThread "C2 CompilerThread0" daemon [_thread_in_native, id=4176, stack(0x00000000152c0000,0x00000000153c0000)]

Stack: [0x00000000152c0000,0x00000000153c0000]
[error occurred during error reporting (printing stack bounds), id 0xc0000005]

Native frames: (J=compiled Java code, j=interpreted, Vv=VM code, C=native code)


Current CompileTask:
C2: 798965 1653       4      
[error occurred during error reporting (printing current compile task), id 0xe0000001]


---------------  P R O C E S S  ---------------

Java Threads: ( => current thread )
  0x0000000019417800 JavaThread "mysql-cj-abandoned-connection-cleanup" daemon [_thread_blocked, id=6276, stack(0x000000001ab40000,0x000000001ac40000)]
  0x0000000018d92000 JavaThread "TimerQueue" daemon [_thread_blocked, id=8884, stack(0x0000000019760000,0x0000000019860000)]
  0x0000000002552800 JavaThread "DestroyJavaVM" [_thread_blocked, id=4320, stack(0x0000000000ca0000,0x0000000000da0000)]
  0x0000000015ba8800 JavaThread "AWT-EventQueue-0" [_thread_blocked, id=7828, stack(0x0000000016030000,0x0000000016130000)]
  0x0000000015b9f800 JavaThread "AWT-Windows" daemon [_thread_in_native, id=10140, stack(0x0000000015e30000,0x0000000015f30000)]
  0x0000000015b9d800 JavaThread "AWT-Shutdown" [_thread_blocked, id=3944, stack(0x0000000015d30000,0x0000000015e30000)]
  0x0000000015b98800 JavaThread "Java2D Disposer" daemon [_thread_blocked, id=1388, stack(0x0000000015c30000,0x0000000015d30000)]
  0x00000000142cf800 JavaThread "Service Thread" daemon [_thread_blocked, id=668, stack(0x00000000154c0000,0x00000000155c0000)]
  0x0000000014262000 JavaThread "C1 CompilerThread1" daemon [_thread_blocked, id=6236, stack(0x00000000153c0000,0x00000000154c0000)]
=>0x0000000014260000 JavaThread "C2 CompilerThread0" daemon [_thread_in_native, id=4176, stack(0x00000000152c0000,0x00000000153c0000)]
  0x000000001425f000 JavaThread "Attach Listener" daemon [_thread_blocked, id=2184, stack(0x00000000151c0000,0x00000000152c0000)]
  0x0000000014259800 JavaThread "Signal Dispatcher" daemon [_thread_blocked, id=8576, stack(0x00000000150c0000,0x00000000151c0000)]
  0x0000000002649800 JavaThread "Finalizer" daemon [_thread_blocked, id=5856, stack(0x0000000014ea0000,0x0000000014fa0000)]
  0x0000000014248000 JavaThread "Reference Handler" daemon [_thread_blocked, id=1820, stack(0x0000000014da0000,0x0000000014ea0000)]

Other Threads:
  0x0000000014225800 VMThread [stack: 0x0000000014ca0000,0x0000000014da0000] [id=5216]
  0x00000000142ea000 WatcherThread [stack: 0x0000000015730000,0x0000000015830000] [id=2312]

VM state:not at safepoint (normal execution)

VM Mutex/Monitor currently owned by a thread: None

heap address: 0x00000000d0000000, size: 768 MB, Compressed Oops mode: 32-bit
Narrow klass base: 0x0000000000000000, Narrow klass shift: 3
Compressed class space size: 1073741824 Address: 0x0000000100000000

Heap:
 PSYoungGen      total 38912K, used 18464K [0x00000000f0000000, 0x00000000f3400000, 0x0000000100000000)
  eden space 36864K, 44% used [0x00000000f0000000,0x00000000f100c398,0x00000000f2400000)
  from space 2048K, 99% used [0x00000000f3200000,0x00000000f33fc010,0x00000000f3400000)
  to   space 2048K, 0% used [0x00000000f3000000,0x00000000f3000000,0x00000000f3200000)
 ParOldGen       total 28672K, used 10101K [0x00000000d0000000, 0x00000000d1c00000, 0x00000000f0000000)
  object space 28672K, 35% used [0x00000000d0000000,0x00000000d09dd6d8,0x00000000d1c00000)
 Metaspace       used 30762K, capacity 31156K, committed 31360K, reserved 1077248K
  class space    used 3842K, capacity 3952K, committed 3968K, reserved 1048576K

Card table byte_map: [0x0000000011af0000,0x0000000011c80000] byte_map_base: 0x0000000011470000

Marking Bits: (ParMarkBitMap*) 0x000000005ba45ce0
 Begin Bits: [0x0000000011f80000, 0x0000000012b80000)
 End Bits:   [0x0000000012b80000, 0x0000000013780000)

Polling page: 0x0000000000c70000

CodeCache: size=245760Kb used=5348Kb max_used=5363Kb free=240412Kb
 bounds [0x0000000002730000, 0x0000000002c70000, 0x0000000011730000]
 total_blobs=2237 nmethods=1652 adapters=499
 compilation: enabled

Compilation events (10 events):
Event: 568.217 Thread 0x0000000014262000 nmethod 1648 0x0000000002c68790 code [0x0000000002c68940, 0x0000000002c68e58]
Event: 568.217 Thread 0x0000000014262000 1649       3       java.net.URLClassLoader$2::<init> (15 bytes)
Event: 568.217 Thread 0x0000000014262000 nmethod 1649 0x0000000002c69050 code [0x0000000002c691a0, 0x0000000002c69370]
Event: 568.217 Thread 0x0000000014262000 1650       3       java.net.URLClassLoader$2::run (5 bytes)
Event: 568.217 Thread 0x0000000014262000 nmethod 1650 0x0000000002c69410 code [0x0000000002c69580, 0x0000000002c697c8]
Event: 623.462 Thread 0x0000000014262000 1651       1       sun.misc.URLClassPath$FileLoader$1::getURL (5 bytes)
Event: 623.462 Thread 0x0000000014262000 nmethod 1651 0x0000000002c69910 code [0x0000000002c69a60, 0x0000000002c69b70]
Event: 753.855 Thread 0x0000000014260000 1652   !   4       java.net.URL::<init> (543 bytes)
Event: 753.929 Thread 0x0000000014260000 nmethod 1652 0x0000000002c6d990 code [0x0000000002c6db80, 0x0000000002c6ecd0]
Event: 798.959 Thread 0x0000000014260000 1653       4       java.net.URLStreamHandler::setURL (40 bytes)

GC Heap History (10 events):
Event: 0.417 GC heap before
{Heap before GC invocations=1 (full 0):
 PSYoungGen      total 14336K, used 12288K [0x00000000f0000000, 0x00000000f1000000, 0x0000000100000000)
  eden space 12288K, 100% used [0x00000000f0000000,0x00000000f0c00000,0x00000000f0c00000)
  from space 2048K, 0% used [0x00000000f0e00000,0x00000000f0e00000,0x00000000f1000000)
  to   space 2048K, 0% used [0x00000000f0c00000,0x00000000f0c00000,0x00000000f0e00000)
 ParOldGen       total 32768K, used 0K [0x00000000d0000000, 0x00000000d2000000, 0x00000000f0000000)
  object space 32768K, 0% used [0x00000000d0000000,0x00000000d0000000,0x00000000d2000000)
 Metaspace       used 14095K, capacity 14286K, committed 14464K, reserved 1062912K
  class space    used 1764K, capacity 1844K, committed 1920K, reserved 1048576K
Event: 0.421 GC heap after
Heap after GC invocations=1 (full 0):
 PSYoungGen      total 14336K, used 2021K [0x00000000f0000000, 0x00000000f1c00000, 0x0000000100000000)
  eden space 12288K, 0% used [0x00000000f0000000,0x00000000f0000000,0x00000000f0c00000)
  from space 2048K, 98% used [0x00000000f0c00000,0x00000000f0df9528,0x00000000f0e00000)
  to   space 2048K, 0% used [0x00000000f1a00000,0x00000000f1a00000,0x00000000f1c00000)
 ParOldGen       total 32768K, used 1175K [0x00000000d0000000, 0x00000000d2000000, 0x00000000f0000000)
  object space 32768K, 3% used [0x00000000d0000000,0x00000000d0125d38,0x00000000d2000000)
 Metaspace       used 14095K, capacity 14286K, committed 14464K, reserved 1062912K
  class space    used 1764K, capacity 1844K, committed 1920K, reserved 1048576K
}
Event: 0.560 GC heap before
{Heap before GC invocations=2 (full 0):
 PSYoungGen      total 14336K, used 14309K [0x00000000f0000000, 0x00000000f1c00000, 0x0000000100000000)
  eden space 12288K, 100% used [0x00000000f0000000,0x00000000f0c00000,0x00000000f0c00000)
  from space 2048K, 98% used [0x00000000f0c00000,0x00000000f0df9528,0x00000000f0e00000)
  to   space 2048K, 0% used [0x00000000f1a00000,0x00000000f1a00000,0x00000000f1c00000)
 ParOldGen       total 32768K, used 1175K [0x00000000d0000000, 0x00000000d2000000, 0x00000000f0000000)
  object space 32768K, 3% used [0x00000000d0000000,0x00000000d0125d38,0x00000000d2000000)
 Metaspace       used 17769K, capacity 17998K, committed 18176K, reserved 1064960K
  class space    used 2142K, capacity 2228K, committed 2304K, reserved 1048576K
Event: 0.564 GC heap after
Heap after GC invocations=2 (full 0):
 PSYoungGen      total 26624K, used 2021K [0x00000000f0000000, 0x00000000f1c00000, 0x0000000100000000)
  eden space 24576K, 0% used [0x00000000f0000000,0x00000000f0000000,0x00000000f1800000)
  from space 2048K, 98% used [0x00000000f1a00000,0x00000000f1bf9528,0x00000000f1c00000)
  to   space 2048K, 0% used [0x00000000f1800000,0x00000000f1800000,0x00000000f1a00000)
 ParOldGen       total 32768K, used 3874K [0x00000000d0000000, 0x00000000d2000000, 0x00000000f0000000)
  object space 32768K, 11% used [0x00000000d0000000,0x00000000d03c8a28,0x00000000d2000000)
 Metaspace       used 17769K, capacity 17998K, committed 18176K, reserved 1064960K
  class space    used 2142K, capacity 2228K, committed 2304K, reserved 1048576K
}
Event: 0.701 GC heap before
{Heap before GC invocations=3 (full 0):
 PSYoungGen      total 26624K, used 19902K [0x00000000f0000000, 0x00000000f1c00000, 0x0000000100000000)
  eden space 24576K, 72% used [0x00000000f0000000,0x00000000f1176670,0x00000000f1800000)
  from space 2048K, 98% used [0x00000000f1a00000,0x00000000f1bf9528,0x00000000f1c00000)
  to   space 2048K, 0% used [0x00000000f1800000,0x00000000f1800000,0x00000000f1a00000)
 ParOldGen       total 32768K, used 3874K [0x00000000d0000000, 0x00000000d2000000, 0x00000000f0000000)
  object space 32768K, 11% used [0x00000000d0000000,0x00000000d03c8a28,0x00000000d2000000)
 Metaspace       used 20921K, capacity 21102K, committed 21248K, reserved 1067008K
  class space    used 2668K, capacity 2772K, committed 2816K, reserved 1048576K
Event: 0.706 GC heap after
Heap after GC invocations=3 (full 0):
 PSYoungGen      total 26624K, used 2021K [0x00000000f0000000, 0x00000000f3400000, 0x0000000100000000)
  eden space 24576K, 0% used [0x00000000f0000000,0x00000000f0000000,0x00000000f1800000)
  from space 2048K, 98% used [0x00000000f1800000,0x00000000f19f9528,0x00000000f1a00000)
  to   space 2048K, 0% used [0x00000000f3200000,0x00000000f3200000,0x00000000f3400000)
 ParOldGen       total 32768K, used 7223K [0x00000000d0000000, 0x00000000d2000000, 0x00000000f0000000)
  object space 32768K, 22% used [0x00000000d0000000,0x00000000d070dd08,0x00000000d2000000)
 Metaspace       used 20921K, capacity 21102K, committed 21248K, reserved 1067008K
  class space    used 2668K, capacity 2772K, committed 2816K, reserved 1048576K
}
Event: 0.706 GC heap before
{Heap before GC invocations=4 (full 1):
 PSYoungGen      total 26624K, used 2021K [0x00000000f0000000, 0x00000000f3400000, 0x0000000100000000)
  eden space 24576K, 0% used [0x00000000f0000000,0x00000000f0000000,0x00000000f1800000)
  from space 2048K, 98% used [0x00000000f1800000,0x00000000f19f9528,0x00000000f1a00000)
  to   space 2048K, 0% used [0x00000000f3200000,0x00000000f3200000,0x00000000f3400000)
 ParOldGen       total 32768K, used 7223K [0x00000000d0000000, 0x00000000d2000000, 0x00000000f0000000)
  object space 32768K, 22% used [0x00000000d0000000,0x00000000d070dd08,0x00000000d2000000)
 Metaspace       used 20921K, capacity 21102K, committed 21248K, reserved 1067008K
  class space    used 2668K, capacity 2772K, committed 2816K, reserved 1048576K
Event: 0.723 GC heap after
Heap after GC invocations=4 (full 1):
 PSYoungGen      total 26624K, used 0K [0x00000000f0000000, 0x00000000f3400000, 0x0000000100000000)
  eden space 24576K, 0% used [0x00000000f0000000,0x00000000f0000000,0x00000000f1800000)
  from space 2048K, 0% used [0x00000000f1800000,0x00000000f1800000,0x00000000f1a00000)
  to   space 2048K, 0% used [0x00000000f3200000,0x00000000f3200000,0x00000000f3400000)
 ParOldGen       total 28672K, used 5723K [0x00000000d0000000, 0x00000000d1c00000, 0x00000000f0000000)
  object space 28672K, 19% used [0x00000000d0000000,0x00000000d0596e60,0x00000000d1c00000)
 Metaspace       used 20921K, capacity 21102K, committed 21248K, reserved 1067008K
  class space    used 2668K, capacity 2772K, committed 2816K, reserved 1048576K
}
Event: 1.081 GC heap before
{Heap before GC invocations=5 (full 1):
 PSYoungGen      total 26624K, used 24576K [0x00000000f0000000, 0x00000000f3400000, 0x0000000100000000)
  eden space 24576K, 100% used [0x00000000f0000000,0x00000000f1800000,0x00000000f1800000)
  from space 2048K, 0% used [0x00000000f1800000,0x00000000f1800000,0x00000000f1a00000)
  to   space 2048K, 0% used [0x00000000f3200000,0x00000000f3200000,0x00000000f3400000)
 ParOldGen       total 28672K, used 5723K [0x00000000d0000000, 0x00000000d1c00000, 0x00000000f0000000)
  object space 28672K, 19% used [0x00000000d0000000,0x00000000d0596e60,0x00000000d1c00000)
 Metaspace       used 26498K, capacity 26786K, committed 27008K, reserved 1073152K
  class space    used 3279K, capacity 3395K, committed 3456K, reserved 1048576K
Event: 1.088 GC heap after
Heap after GC invocations=5 (full 1):
 PSYoungGen      total 38912K, used 2032K [0x00000000f0000000, 0x00000000f3400000, 0x0000000100000000)
  eden space 36864K, 0% used [0x00000000f0000000,0x00000000f0000000,0x00000000f2400000)
  from space 2048K, 99% used [0x00000000f3200000,0x00000000f33fc010,0x00000000f3400000)
  to   space 2048K, 0% used [0x00000000f3000000,0x00000000f3000000,0x00000000f3200000)
 ParOldGen       total 28672K, used 10101K [0x00000000d0000000, 0x00000000d1c00000, 0x00000000f0000000)
  object space 28672K, 35% used [0x00000000d0000000,0x00000000d09dd6d8,0x00000000d1c00000)
 Metaspace       used 26498K, capacity 26786K, committed 27008K, reserved 1073152K
  class space    used 3279K, capacity 3395K, committed 3456K, reserved 1048576K
}

Deoptimization events (10 events):
Event: 0.954 Thread 0x0000000015ba8800 Uncommon trap: reason=class_check action=maybe_recompile pc=0x0000000002ad0f28 method=java.util.regex.Pattern$Curly.match(Ljava/util/regex/Matcher;ILjava/lang/CharSequence;)Z @ 19
Event: 0.954 Thread 0x0000000015ba8800 Uncommon trap: reason=class_check action=maybe_recompile pc=0x0000000002ad0f28 method=java.util.regex.Pattern$Curly.match(Ljava/util/regex/Matcher;ILjava/lang/CharSequence;)Z @ 19
Event: 1.018 Thread 0x0000000015ba8800 Uncommon trap: reason=unstable_if action=reinterpret pc=0x0000000002a91d9c method=java.lang.CharacterDataLatin1.digit(II)I @ 82
Event: 1.023 Thread 0x0000000015ba8800 Uncommon trap: reason=predicate action=maybe_recompile pc=0x0000000002a3c588 method=sun.net.www.ParseUtil.encodePath(Ljava/lang/String;Z)Ljava/lang/String; @ 36
Event: 1.055 Thread 0x0000000015ba8800 Uncommon trap: reason=class_check action=maybe_recompile pc=0x0000000002a74e8c method=java.util.HashMap.putVal(ILjava/lang/Object;Ljava/lang/Object;ZZ)Ljava/lang/Object; @ 203
Event: 1.061 Thread 0x0000000015ba8800 Uncommon trap: reason=unstable_if action=reinterpret pc=0x0000000002bb4f94 method=java.util.Properties$LineReader.readLine()I @ 174
Event: 1.061 Thread 0x0000000015ba8800 Uncommon trap: reason=unstable_if action=reinterpret pc=0x0000000002b984bc method=java.util.Properties$LineReader.readLine()I @ 174
Event: 1.062 Thread 0x0000000015ba8800 Uncommon trap: reason=unstable_if action=reinterpret pc=0x0000000002b95474 method=java.util.Properties.loadConvert([CII[C)Ljava/lang/String; @ 4
Event: 1.190 Thread 0x0000000015ba8800 Uncommon trap: reason=class_check action=maybe_recompile pc=0x0000000002ad0f28 method=java.util.regex.Pattern$Curly.match(Ljava/util/regex/Matcher;ILjava/lang/CharSequence;)Z @ 19
Event: 1.190 Thread 0x0000000015ba8800 Uncommon trap: reason=unstable_if action=reinterpret pc=0x0000000002a92254 method=java.lang.CharacterDataLatin1.digit(II)I @ 82

Classes redefined (0 events):
No events

Internal exceptions (10 events):
Event: 0.070 Thread 0x0000000002552800 Exception <a 'java/security/PrivilegedActionException'> (0x00000000f00cdf30) thrown at [C:\re\workspace\8-2-build-windows-amd64-cygwin\jdk8u202\12323\hotspot\src\share\vm\prims\jvm.cpp, line 1502]
Event: 0.070 Thread 0x0000000002552800 Exception <a 'java/security/PrivilegedActionException'> (0x00000000f00d1e40) thrown at [C:\re\workspace\8-2-build-windows-amd64-cygwin\jdk8u202\12323\hotspot\src\share\vm\prims\jvm.cpp, line 1502]
Event: 0.070 Thread 0x0000000002552800 Exception <a 'java/security/PrivilegedActionException'> (0x00000000f00d2050) thrown at [C:\re\workspace\8-2-build-windows-amd64-cygwin\jdk8u202\12323\hotspot\src\share\vm\prims\jvm.cpp, line 1502]
Event: 0.073 Thread 0x0000000002552800 Exception <a 'java/io/FileNotFoundException'> (0x00000000f00d4e98) thrown at [C:\re\workspace\8-2-build-windows-amd64-cygwin\jdk8u202\12323\hotspot\src\share\vm\prims\jni.cpp, line 710]
Event: 0.098 Thread 0x0000000002552800 Exception <a 'java/lang/NoSuchFieldError': method resolution failed> (0x00000000f01a6a28) thrown at [C:\re\workspace\8-2-build-windows-amd64-cygwin\jdk8u202\12323\hotspot\src\share\vm\prims\methodHandles.cpp, line 1167]
Event: 0.110 Thread 0x0000000002552800 Exception <a 'java/lang/NoSuchFieldError': method resolution failed> (0x00000000f01b3e10) thrown at [C:\re\workspace\8-2-build-windows-amd64-cygwin\jdk8u202\12323\hotspot\src\share\vm\prims\methodHandles.cpp, line 1167]
Event: 0.152 Thread 0x0000000015ba8800 Exception <a 'java/io/FileNotFoundException'> (0x00000000f02b79b0) thrown at [C:\re\workspace\8-2-build-windows-amd64-cygwin\jdk8u202\12323\hotspot\src\share\vm\prims\jni.cpp, line 710]
Event: 0.172 Thread 0x0000000015ba8800 Implicit null exception at 0x00000000028b731b to 0x00000000028b74c5
Event: 0.739 Thread 0x0000000015ba8800 Exception <a 'java/lang/NoClassDefFoundError': javax/validation/Validation> (0x00000000f01c3a08) thrown at [C:\re\workspace\8-2-build-windows-amd64-cygwin\jdk8u202\12323\hotspot\src\share\vm\classfile\systemDictionary.cpp, line 199]
Event: 1.356 Thread 0x0000000015ba8800 Exception <a 'java/lang/NullPointerException'> (0x00000000f0f6b5c0) thrown at [C:\re\workspace\8-2-build-windows-amd64-cygwin\jdk8u202\12323\hotspot\src\share\vm\prims\jvm.cpp, line 1506]

Events (10 events):
Event: 1.364 loading class sun/awt/dnd/SunDropTargetEvent
Event: 1.364 loading class sun/awt/dnd/SunDropTargetEvent done
Event: 1.364 loading class java/awt/event/FocusEvent
Event: 1.365 loading class java/awt/event/FocusEvent done
Event: 1.365 loading class java/awt/event/ContainerEvent
Event: 1.365 loading class java/awt/event/ContainerEvent done
Event: 1.365 loading class javax/swing/event/AncestorEvent
Event: 1.365 loading class javax/swing/event/AncestorEvent done
Event: 4.099 Executing VM operation: EnableBiasedLocking
Event: 4.101 Executing VM operation: EnableBiasedLocking done


Dynamic libraries:
0x00007ff674e50000 - 0x00007ff674e87000 	C:\Program Files\Java\jdk1.8.0_202\bin\java.exe
0x00007ff877a10000 - 0x00007ff877c08000 	C:\Windows\SYSTEM32\ntdll.dll
0x00007ff876370000 - 0x00007ff87642d000 	C:\Windows\System32\KERNEL32.DLL
0x00007ff875150000 - 0x00007ff875422000 	C:\Windows\System32\KERNELBASE.dll
0x00007ff877540000 - 0x00007ff8775ee000 	C:\Windows\System32\ADVAPI32.dll
0x00007ff8762d0000 - 0x00007ff87636e000 	C:\Windows\System32\msvcrt.dll
0x00007ff876200000 - 0x00007ff87629c000 	C:\Windows\System32\sechost.dll
0x00007ff8777a0000 - 0x00007ff8778c5000 	C:\Windows\System32\RPCRT4.dll
0x00007ff875a70000 - 0x00007ff875c0d000 	C:\Windows\System32\USER32.dll
0x00007ff875120000 - 0x00007ff875142000 	C:\Windows\System32\win32u.dll
0x00007ff8762a0000 - 0x00007ff8762cb000 	C:\Windows\System32\GDI32.dll
0x00007ff875480000 - 0x00007ff87558f000 	C:\Windows\System32\gdi32full.dll
0x00007ff8756c0000 - 0x00007ff87575d000 	C:\Windows\System32\msvcp_win.dll
0x00007ff875590000 - 0x00007ff875690000 	C:\Windows\System32\ucrtbase.dll
0x00007ff866c50000 - 0x00007ff866eea000 	C:\Windows\WinSxS\amd64_microsoft.windows.common-controls_6595b64144ccf1df_6.0.19041.1110_none_60b5254171f9507e\COMCTL32.dll
0x00007ff8779a0000 - 0x00007ff8779d0000 	C:\Windows\System32\IMM32.DLL
0x000000005b140000 - 0x000000005b212000 	C:\Program Files\Java\jdk1.8.0_202\jre\bin\msvcr100.dll
0x000000005b220000 - 0x000000005bac5000 	C:\Program Files\Java\jdk1.8.0_202\jre\bin\server\jvm.dll
0x00007ff875dc0000 - 0x00007ff875dc8000 	C:\Windows\System32\PSAPI.DLL
0x00007ff86e530000 - 0x00007ff86e539000 	C:\Windows\SYSTEM32\WSOCK32.dll
0x00007ff86c030000 - 0x00007ff86c057000 	C:\Windows\SYSTEM32\WINMM.dll
0x00007ff877930000 - 0x00007ff87799b000 	C:\Windows\System32\WS2_32.dll
0x00007ff86d140000 - 0x00007ff86d14a000 	C:\Windows\SYSTEM32\VERSION.dll
0x00007ff86e520000 - 0x00007ff86e52f000 	C:\Program Files\Java\jdk1.8.0_202\jre\bin\verify.dll
0x00007ff866100000 - 0x00007ff866129000 	C:\Program Files\Java\jdk1.8.0_202\jre\bin\java.dll
0x00007ff8664d0000 - 0x00007ff8664e6000 	C:\Program Files\Java\jdk1.8.0_202\jre\bin\zip.dll
0x00007ff876d00000 - 0x00007ff877443000 	C:\Windows\System32\SHELL32.dll
0x00007ff873200000 - 0x00007ff873991000 	C:\Windows\SYSTEM32\windows.storage.dll
0x00007ff875dd0000 - 0x00007ff876124000 	C:\Windows\System32\combase.dll
0x00007ff874aa0000 - 0x00007ff874ad0000 	C:\Windows\SYSTEM32\Wldp.dll
0x00007ff876c50000 - 0x00007ff876cfd000 	C:\Windows\System32\SHCORE.dll
0x00007ff8778d0000 - 0x00007ff877925000 	C:\Windows\System32\shlwapi.dll
0x00007ff875060000 - 0x00007ff87507f000 	C:\Windows\SYSTEM32\profapi.dll
0x00007ff861360000 - 0x00007ff8614f9000 	C:\Program Files\Java\jdk1.8.0_202\jre\bin\awt.dll
0x00007ff876130000 - 0x00007ff8761fd000 	C:\Windows\System32\OLEAUT32.dll
0x00007ff872a60000 - 0x00007ff872af1000 	C:\Windows\SYSTEM32\apphelp.dll
0x00007ff872b40000 - 0x00007ff872bde000 	C:\Windows\system32\uxtheme.dll
0x00007ff876430000 - 0x00007ff876545000 	C:\Windows\System32\MSCTF.dll
0x00007ff8775f0000 - 0x00007ff87771a000 	C:\Windows\System32\ole32.dll
0x00007ff873000000 - 0x00007ff873012000 	C:\Windows\SYSTEM32\kernel.appcore.dll
0x00007ff875760000 - 0x00007ff8757e2000 	C:\Windows\System32\bcryptPrimitives.dll
0x00007ff872ef0000 - 0x00007ff872f1f000 	C:\Windows\system32\DWMAPI.DLL
0x00007ff85b1e0000 - 0x00007ff85b307000 	C:\Windows\system32\opengl32.dll
0x00007ff865110000 - 0x00007ff86513c000 	C:\Windows\SYSTEM32\GLU32.dll
0x00007ff842ec0000 - 0x00007ff84308f000 	C:\Windows\system32\d3d9.dll
0x00007ff867f40000 - 0x00007ff868636000 	C:\Windows\SYSTEM32\d3d10warp.dll
0x00007ff870d80000 - 0x00007ff870dbb000 	C:\Windows\SYSTEM32\dxcore.dll
0x00007ff875430000 - 0x00007ff87547e000 	C:\Windows\System32\cfgmgr32.dll
0x00007ff864bf0000 - 0x00007ff864c37000 	C:\Program Files\Java\jdk1.8.0_202\jre\bin\fontmanager.dll
0x00007ff866150000 - 0x00007ff86616a000 	C:\Program Files\Java\jdk1.8.0_202\jre\bin\net.dll
0x00007ff86b220000 - 0x00007ff86b40d000 	C:\Windows\SYSTEM32\urlmon.dll
0x00007ff86ae70000 - 0x00007ff86b121000 	C:\Windows\SYSTEM32\iertutil.dll
0x00007ff86b130000 - 0x00007ff86b158000 	C:\Windows\SYSTEM32\srvcli.dll
0x00007ff874530000 - 0x00007ff87453c000 	C:\Windows\SYSTEM32\netutils.dll
0x00007ff874800000 - 0x00007ff87486a000 	C:\Windows\system32\mswsock.dll
0x00007ff865ad0000 - 0x00007ff865ae2000 	C:\Program Files\Java\jdk1.8.0_202\jre\bin\nio.dll
0x00007ff8641a0000 - 0x00007ff8641e2000 	C:\Program Files\Java\jdk1.8.0_202\jre\bin\t2k.dll
0x00007ff876560000 - 0x00007ff87660f000 	C:\Windows\System32\clbcatq.dll
0x00007ff869b90000 - 0x00007ff869d44000 	C:\Windows\SYSTEM32\WindowsCodecs.dll
0x00007ff875690000 - 0x00007ff8756b7000 	C:\Windows\System32\bcrypt.dll
0x00007ff8632b0000 - 0x00007ff8632ee000 	C:\Windows\system32\dataexchange.dll
0x00007ff8722e0000 - 0x00007ff8724c3000 	C:\Windows\system32\dcomp.dll
0x00007ff871100000 - 0x00007ff871363000 	C:\Windows\system32\d3d11.dll
0x00007ff8739e0000 - 0x00007ff873ad3000 	C:\Windows\system32\dxgi.dll
0x00007ff86a260000 - 0x00007ff86a460000 	C:\Windows\system32\twinapi.appcore.dll
0x00007ff862900000 - 0x00007ff862924000 	C:\Program Files\Java\jdk1.8.0_202\jre\bin\sunec.dll
0x00007ff8744f0000 - 0x00007ff87452b000 	C:\Windows\SYSTEM32\IPHLPAPI.DLL
0x00007ff876550000 - 0x00007ff876558000 	C:\Windows\System32\NSI.dll
0x00007ff870230000 - 0x00007ff870247000 	C:\Windows\SYSTEM32\dhcpcsvc6.DLL
0x00007ff8701f0000 - 0x00007ff87020d000 	C:\Windows\SYSTEM32\dhcpcsvc.DLL
0x00007ff874590000 - 0x00007ff87465a000 	C:\Windows\SYSTEM32\DNSAPI.dll
0x00007ff86cae0000 - 0x00007ff86caea000 	C:\Windows\System32\rasadhlp.dll
0x00007ff86dec0000 - 0x00007ff86df40000 	C:\Windows\System32\fwpuclnt.dll
0x00007ff874a00000 - 0x00007ff874a18000 	C:\Windows\SYSTEM32\CRYPTSP.dll
0x00007ff874120000 - 0x00007ff874154000 	C:\Windows\system32\rsaenh.dll
0x00007ff875020000 - 0x00007ff87504e000 	C:\Windows\SYSTEM32\USERENV.dll
0x00007ff8749f0000 - 0x00007ff8749fc000 	C:\Windows\SYSTEM32\CRYPTBASE.dll
0x00007ff863e20000 - 0x00007ff863e2b000 	C:\Program Files\Java\jdk1.8.0_202\jre\bin\sunmscapi.dll
0x00007ff8757f0000 - 0x00007ff875946000 	C:\Windows\System32\CRYPT32.dll

VM Arguments:
java_command: com.mycompany.pruebabd.pruebaBD
java_class_path (initial): C:\Users\usuario\Documents\NetBeansProjects\pruebaBD\target\classes;C:\Users\usuario\.m2\repository\org\eclipse\persistence\org.eclipse.persistence.core\2.7.10\org.eclipse.persistence.core-2.7.10.jar;C:\Users\usuario\.m2\repository\org\eclipse\persistence\org.eclipse.persistence.asm\9.2.0\org.eclipse.persistence.asm-9.2.0.jar;C:\Users\usuario\.m2\repository\org\eclipse\persistence\org.eclipse.persistence.antlr\2.7.10\org.eclipse.persistence.antlr-2.7.10.jar;C:\Users\usuario\.m2\repository\org\eclipse\persistence\org.eclipse.persistence.jpa\2.7.10\org.eclipse.persistence.jpa-2.7.10.jar;C:\Users\usuario\.m2\repository\org\eclipse\persistence\org.eclipse.persistence.jpa.jpql\2.7.10\org.eclipse.persistence.jpa.jpql-2.7.10.jar;C:\Users\usuario\.m2\repository\org\eclipse\persistence\org.eclipse.persistence.moxy\2.7.10\org.eclipse.persistence.moxy-2.7.10.jar;C:\Users\usuario\.m2\repository\org\eclipse\persistence\jakarta.persistence\2.2.3\jakarta.persistence-2.2.3.jar;C:\Users\usuario\.m2\repository\mysql\mysql-connector-java\8.0.26\mysql-connector-java-8.0.26.jar;C:\Users\usuario\.m2\repository\com\google\protobuf\protobuf-java\3.11.4\protobuf-java-3.11.4.jar;C:\Users\usuario\.m2\repository\unknown\binary\AbsoluteLayout\SNAPSHOT\AbsoluteLayout-SNAPSHOT.jar
Launcher Type: SUN_STANDARD

Environment Variables:
JAVA_HOME=C:\Program Files\Java\jdk1.8.0_202
PATH=C:\Program Files\Common Files\Oracle\Java\javapath;C:\Program Files (x86)\Common Files\Oracle\Java\javapath;C:\Windows\system32;C:\Windows;C:\Windows\System32\Wbem;C:\Windows\System32\WindowsPowerShell\v1.0\;C:\Windows\System32\OpenSSH\;C:\Program Files\MySQL\MySQL Shell 8.0\bin\;C:\Users\usuario\AppData\Local\Microsoft\WindowsApps;
USERNAME=usuario
OS=Windows_NT
PROCESSOR_IDENTIFIER=AMD64 Family 15 Model 6 Stepping 1, AuthenticAMD



---------------  S Y S T E M  ---------------

OS: Windows 10.0 , 64 bit Build 19041 (10.0.19041.1889)

CPU:total 2 (initial active 2) (2 cores per cpu, 1 threads per core) family 15 model 6 stepping 1, cmov, cx8, fxsr, mmx, sse, sse2, sse3, tsc

Memory: 4k page, physical 3145180k(258512k free), swap 9363276k(4k free)

vm_info: Java HotSpot(TM) 64-Bit Server VM (25.202-b08) for windows-amd64 JRE (1.8.0_202-b08), built on Dec 15 2018 19:54:30 by "java_re" with MS VC++ 10.0 (VS2010)

time: Fri Nov 04 20:54:12 2022
timezone: Hora estándar romance
elapsed time: 798 seconds (0d 0h 13m 18s)

