#
# There is insufficient memory for the Java Runtime Environment to continue.
# Native memory allocation (malloc) failed to allocate 216016 bytes for Chunk::new
# Possible reasons:
#   The system is out of physical RAM or swap space
#   The process is running with CompressedOops enabled, and the Java Heap may be blocking the growth of the native heap
# Possible solutions:
#   Reduce memory load on the system
#   Increase physical memory or swap space
#   Check if swap backing store is full
#   Decrease Java heap size (-Xmx/-Xms)
#   Decrease number of Java threads
#   Decrease Java thread stack sizes (-Xss)
#   Set larger code cache with -XX:ReservedCodeCacheSize=
#   JVM is running with Unscaled Compressed Oops mode in which the Java heap is
#     placed in the first 4GB address space. The Java Heap base address is the
#     maximum limit for the native heap growth. Please use -XX:HeapBaseMinAddress
#     to set the Java Heap base and to place the Java Heap above 4GB virtual address.
# This output file may be truncated or incomplete.
#
#  Out of Memory Error (allocation.cpp:389), pid=4928, tid=0x0000000000002738
#
# JRE version: Java(TM) SE Runtime Environment (8.0_202-b08) (build 1.8.0_202-b08)
# Java VM: Java HotSpot(TM) 64-Bit Server VM (25.202-b08 mixed mode windows-amd64 compressed oops)
# Failed to write core dump. Minidumps are not enabled by default on client versions of Windows
#

---------------  T H R E A D  ---------------

Current thread (0x000000001465d800):  JavaThread "C2 CompilerThread0" daemon [_thread_in_native, id=10040, stack(0x00000000156b0000,0x00000000157b0000)]

Stack: [0x00000000156b0000,0x00000000157b0000]
[error occurred during error reporting (printing stack bounds), id 0xc0000005]

Native frames: (J=compiled Java code, j=interpreted, Vv=VM code, C=native code)


Current CompileTask:
C2:   1345 1348       4       sun.misc.URLClassPath::getResource (83 bytes)


---------------  P R O C E S S  ---------------

Java Threads: ( => current thread )
  0x00000000198a4800 JavaThread "mysql-cj-abandoned-connection-cleanup" daemon [_thread_blocked, id=9044, stack(0x000000001b030000,0x000000001b130000)]
  0x0000000019255000 JavaThread "TimerQueue" daemon [_thread_blocked, id=4592, stack(0x0000000019be0000,0x0000000019ce0000)]
  0x0000000002a32800 JavaThread "DestroyJavaVM" [_thread_blocked, id=9752, stack(0x0000000002750000,0x0000000002850000)]
  0x0000000015fe2800 JavaThread "AWT-EventQueue-0" [_thread_in_Java, id=7144, stack(0x00000000164b0000,0x00000000165b0000)]
  0x0000000015fdb800 JavaThread "AWT-Windows" daemon [_thread_in_native, id=9576, stack(0x0000000016220000,0x0000000016320000)]
  0x0000000015fd7800 JavaThread "AWT-Shutdown" [_thread_blocked, id=4672, stack(0x0000000016120000,0x0000000016220000)]
  0x0000000015fd6800 JavaThread "Java2D Disposer" daemon [_thread_blocked, id=6824, stack(0x0000000016020000,0x0000000016120000)]
  0x00000000146d1000 JavaThread "Service Thread" daemon [_thread_blocked, id=4556, stack(0x00000000158b0000,0x00000000159b0000)]
  0x0000000014665000 JavaThread "C1 CompilerThread1" daemon [_thread_blocked, id=9944, stack(0x00000000157b0000,0x00000000158b0000)]
=>0x000000001465d800 JavaThread "C2 CompilerThread0" daemon [_thread_in_native, id=10040, stack(0x00000000156b0000,0x00000000157b0000)]
  0x000000001465c000 JavaThread "Attach Listener" daemon [_thread_blocked, id=1996, stack(0x00000000155b0000,0x00000000156b0000)]
  0x0000000014656800 JavaThread "Signal Dispatcher" daemon [_thread_blocked, id=284, stack(0x00000000154b0000,0x00000000155b0000)]
  0x0000000002b28000 JavaThread "Finalizer" daemon [_thread_blocked, id=3704, stack(0x0000000015290000,0x0000000015390000)]
  0x0000000014648000 JavaThread "Reference Handler" daemon [_thread_blocked, id=6480, stack(0x0000000015190000,0x0000000015290000)]

Other Threads:
  0x0000000014625800 VMThread [stack: 0x0000000015090000,0x0000000015190000] [id=2004]
  0x00000000146f3000 WatcherThread [stack: 0x0000000015b20000,0x0000000015c20000] [id=5828]

VM state:not at safepoint (normal execution)

VM Mutex/Monitor currently owned by a thread:  ([mutex/lock_event])
[0x0000000002a31e50] Compile_lock - owner thread: 0x0000000000000000

heap address: 0x00000000d0000000, size: 768 MB, Compressed Oops mode: 32-bit
Narrow klass base: 0x0000000000000000, Narrow klass shift: 3
Compressed class space size: 1073741824 Address: 0x0000000100000000

Heap:
 PSYoungGen      total 14336K, used 7786K [0x00000000f0000000, 0x00000000f1000000, 0x0000000100000000)
  eden space 12288K, 46% used [0x00000000f0000000,0x00000000f059e318,0x00000000f0c00000)
  from space 2048K, 99% used [0x00000000f0c00000,0x00000000f0dfc7f8,0x00000000f0e00000)
  to   space 2048K, 0% used [0x00000000f0e00000,0x00000000f0e00000,0x00000000f1000000)
 ParOldGen       total 26112K, used 6682K [0x00000000d0000000, 0x00000000d1980000, 0x00000000f0000000)
  object space 26112K, 25% used [0x00000000d0000000,0x00000000d0686ad0,0x00000000d1980000)
 Metaspace       used 24886K, capacity 25148K, committed 25216K, reserved 1071104K
  class space    used 3100K, capacity 3190K, committed 3200K, reserved 1048576K

Card table byte_map: [0x0000000011ef0000,0x0000000012080000] byte_map_base: 0x0000000011870000

Marking Bits: (ParMarkBitMap*) 0x000000005ba45ce0
 Begin Bits: [0x0000000012380000, 0x0000000012f80000)
 End Bits:   [0x0000000012f80000, 0x0000000013b80000)

Polling page: 0x0000000000d80000

CodeCache: size=245760Kb used=4562Kb max_used=4562Kb free=241197Kb
 bounds [0x0000000002b30000, 0x0000000002fb0000, 0x0000000011b30000]
 total_blobs=1894 nmethods=1349 adapters=459
 compilation: enabled

Compilation events (10 events):
Event: 1.328 Thread 0x000000001465d800 1345       4       java.util.zip.ZipCoder::getBytes (192 bytes)
Event: 1.331 Thread 0x000000001465d800 nmethod 1345 0x0000000002f9ea90 code [0x0000000002f9ec20, 0x0000000002f9f198]
Event: 1.336 Thread 0x0000000014665000 1346       3       jdk.internal.org.objectweb.asm.MethodWriter::visitInsn (106 bytes)
Event: 1.337 Thread 0x0000000014665000 nmethod 1346 0x0000000002f983d0 code [0x0000000002f98580, 0x0000000002f98a28]
Event: 1.339 Thread 0x0000000014665000 1347       3       java.lang.ClassLoader::compareCerts (149 bytes)
Event: 1.339 Thread 0x0000000014665000 nmethod 1347 0x0000000002f97690 code [0x0000000002f97860, 0x0000000002f980f8]
Event: 1.341 Thread 0x000000001465d800 1348       4       sun.misc.URLClassPath::getResource (83 bytes)
Event: 1.343 Thread 0x0000000014665000 1349  s    1       java.lang.StringBuffer::length (5 bytes)
Event: 1.343 Thread 0x0000000014665000 nmethod 1349 0x0000000002f9ccd0 code [0x0000000002f9ce20, 0x0000000002f9d090]
Event: 1.343 Thread 0x0000000014665000 1350       3       java.text.MessageFormat::applyPattern (422 bytes)

GC Heap History (10 events):
Event: 0.729 GC heap before
{Heap before GC invocations=2 (full 0):
 PSYoungGen      total 14336K, used 14325K [0x00000000f0000000, 0x00000000f1000000, 0x0000000100000000)
  eden space 12288K, 100% used [0x00000000f0000000,0x00000000f0c00000,0x00000000f0c00000)
  from space 2048K, 99% used [0x00000000f0c00000,0x00000000f0dfd538,0x00000000f0e00000)
  to   space 2048K, 0% used [0x00000000f0e00000,0x00000000f0e00000,0x00000000f1000000)
 ParOldGen       total 32768K, used 1159K [0x00000000d0000000, 0x00000000d2000000, 0x00000000f0000000)
  object space 32768K, 3% used [0x00000000d0000000,0x00000000d0121f88,0x00000000d2000000)
 Metaspace       used 17765K, capacity 17934K, committed 18176K, reserved 1064960K
  class space    used 2142K, capacity 2228K, committed 2304K, reserved 1048576K
Event: 0.733 GC heap after
Heap after GC invocations=2 (full 0):
 PSYoungGen      total 14336K, used 2037K [0x00000000f0000000, 0x00000000f1000000, 0x0000000100000000)
  eden space 12288K, 0% used [0x00000000f0000000,0x00000000f0000000,0x00000000f0c00000)
  from space 2048K, 99% used [0x00000000f0e00000,0x00000000f0ffd538,0x00000000f1000000)
  to   space 2048K, 0% used [0x00000000f0c00000,0x00000000f0c00000,0x00000000f0e00000)
 ParOldGen       total 32768K, used 3909K [0x00000000d0000000, 0x00000000d2000000, 0x00000000f0000000)
  object space 32768K, 11% used [0x00000000d0000000,0x00000000d03d1548,0x00000000d2000000)
 Metaspace       used 17765K, capacity 17934K, committed 18176K, reserved 1064960K
  class space    used 2142K, capacity 2228K, committed 2304K, reserved 1048576K
}
Event: 0.836 GC heap before
{Heap before GC invocations=3 (full 0):
 PSYoungGen      total 14336K, used 14325K [0x00000000f0000000, 0x00000000f1000000, 0x0000000100000000)
  eden space 12288K, 100% used [0x00000000f0000000,0x00000000f0c00000,0x00000000f0c00000)
  from space 2048K, 99% used [0x00000000f0e00000,0x00000000f0ffd538,0x00000000f1000000)
  to   space 2048K, 0% used [0x00000000f0c00000,0x00000000f0c00000,0x00000000f0e00000)
 ParOldGen       total 32768K, used 3909K [0x00000000d0000000, 0x00000000d2000000, 0x00000000f0000000)
  object space 32768K, 11% used [0x00000000d0000000,0x00000000d03d1548,0x00000000d2000000)
 Metaspace       used 19980K, capacity 20206K, committed 20608K, reserved 1067008K
  class space    used 2495K, capacity 2580K, committed 2688K, reserved 1048576K
Event: 0.839 GC heap after
Heap after GC invocations=3 (full 0):
 PSYoungGen      total 14336K, used 2037K [0x00000000f0000000, 0x00000000f1000000, 0x0000000100000000)
  eden space 12288K, 0% used [0x00000000f0000000,0x00000000f0000000,0x00000000f0c00000)
  from space 2048K, 99% used [0x00000000f0c00000,0x00000000f0dfd538,0x00000000f0e00000)
  to   space 2048K, 0% used [0x00000000f0e00000,0x00000000f0e00000,0x00000000f1000000)
 ParOldGen       total 32768K, used 6012K [0x00000000d0000000, 0x00000000d2000000, 0x00000000f0000000)
  object space 32768K, 18% used [0x00000000d0000000,0x00000000d05df3b0,0x00000000d2000000)
 Metaspace       used 19980K, capacity 20206K, committed 20608K, reserved 1067008K
  class space    used 2495K, capacity 2580K, committed 2688K, reserved 1048576K
}
Event: 0.883 GC heap before
{Heap before GC invocations=4 (full 0):
 PSYoungGen      total 14336K, used 7450K [0x00000000f0000000, 0x00000000f1000000, 0x0000000100000000)
  eden space 12288K, 44% used [0x00000000f0000000,0x00000000f0549350,0x00000000f0c00000)
  from space 2048K, 99% used [0x00000000f0c00000,0x00000000f0dfd538,0x00000000f0e00000)
  to   space 2048K, 0% used [0x00000000f0e00000,0x00000000f0e00000,0x00000000f1000000)
 ParOldGen       total 32768K, used 6012K [0x00000000d0000000, 0x00000000d2000000, 0x00000000f0000000)
  object space 32768K, 18% used [0x00000000d0000000,0x00000000d05df3b0,0x00000000d2000000)
 Metaspace       used 20922K, capacity 21102K, committed 21248K, reserved 1067008K
  class space    used 2668K, capacity 2772K, committed 2816K, reserved 1048576K
Event: 0.886 GC heap after
Heap after GC invocations=4 (full 0):
 PSYoungGen      total 14336K, used 2021K [0x00000000f0000000, 0x00000000f1000000, 0x0000000100000000)
  eden space 12288K, 0% used [0x00000000f0000000,0x00000000f0000000,0x00000000f0c00000)
  from space 2048K, 98% used [0x00000000f0e00000,0x00000000f0ff9528,0x00000000f1000000)
  to   space 2048K, 0% used [0x00000000f0c00000,0x00000000f0c00000,0x00000000f0e00000)
 ParOldGen       total 32768K, used 7210K [0x00000000d0000000, 0x00000000d2000000, 0x00000000f0000000)
  object space 32768K, 22% used [0x00000000d0000000,0x00000000d070aae8,0x00000000d2000000)
 Metaspace       used 20922K, capacity 21102K, committed 21248K, reserved 1067008K
  class space    used 2668K, capacity 2772K, committed 2816K, reserved 1048576K
}
Event: 0.886 GC heap before
{Heap before GC invocations=5 (full 1):
 PSYoungGen      total 14336K, used 2021K [0x00000000f0000000, 0x00000000f1000000, 0x0000000100000000)
  eden space 12288K, 0% used [0x00000000f0000000,0x00000000f0000000,0x00000000f0c00000)
  from space 2048K, 98% used [0x00000000f0e00000,0x00000000f0ff9528,0x00000000f1000000)
  to   space 2048K, 0% used [0x00000000f0c00000,0x00000000f0c00000,0x00000000f0e00000)
 ParOldGen       total 32768K, used 7210K [0x00000000d0000000, 0x00000000d2000000, 0x00000000f0000000)
  object space 32768K, 22% used [0x00000000d0000000,0x00000000d070aae8,0x00000000d2000000)
 Metaspace       used 20922K, capacity 21102K, committed 21248K, reserved 1067008K
  class space    used 2668K, capacity 2772K, committed 2816K, reserved 1048576K
Event: 0.904 GC heap after
Heap after GC invocations=5 (full 1):
 PSYoungGen      total 14336K, used 0K [0x00000000f0000000, 0x00000000f1000000, 0x0000000100000000)
  eden space 12288K, 0% used [0x00000000f0000000,0x00000000f0000000,0x00000000f0c00000)
  from space 2048K, 0% used [0x00000000f0e00000,0x00000000f0e00000,0x00000000f1000000)
  to   space 2048K, 0% used [0x00000000f0c00000,0x00000000f0c00000,0x00000000f0e00000)
 ParOldGen       total 26112K, used 5723K [0x00000000d0000000, 0x00000000d1980000, 0x00000000f0000000)
  object space 26112K, 21% used [0x00000000d0000000,0x00000000d0596e60,0x00000000d1980000)
 Metaspace       used 20922K, capacity 21102K, committed 21248K, reserved 1067008K
  class space    used 2668K, capacity 2772K, committed 2816K, reserved 1048576K
}
Event: 1.240 GC heap before
{Heap before GC invocations=6 (full 1):
 PSYoungGen      total 14336K, used 12288K [0x00000000f0000000, 0x00000000f1000000, 0x0000000100000000)
  eden space 12288K, 100% used [0x00000000f0000000,0x00000000f0c00000,0x00000000f0c00000)
  from space 2048K, 0% used [0x00000000f0e00000,0x00000000f0e00000,0x00000000f1000000)
  to   space 2048K, 0% used [0x00000000f0c00000,0x00000000f0c00000,0x00000000f0e00000)
 ParOldGen       total 26112K, used 5723K [0x00000000d0000000, 0x00000000d1980000, 0x00000000f0000000)
  object space 26112K, 21% used [0x00000000d0000000,0x00000000d0596e60,0x00000000d1980000)
 Metaspace       used 23428K, capacity 23660K, committed 23808K, reserved 1071104K
  class space    used 2942K, capacity 3042K, committed 3072K, reserved 1048576K
Event: 1.246 GC heap after
Heap after GC invocations=6 (full 1):
 PSYoungGen      total 14336K, used 2033K [0x00000000f0000000, 0x00000000f1000000, 0x0000000100000000)
  eden space 12288K, 0% used [0x00000000f0000000,0x00000000f0000000,0x00000000f0c00000)
  from space 2048K, 99% used [0x00000000f0c00000,0x00000000f0dfc7f8,0x00000000f0e00000)
  to   space 2048K, 0% used [0x00000000f0e00000,0x00000000f0e00000,0x00000000f1000000)
 ParOldGen       total 26112K, used 6682K [0x00000000d0000000, 0x00000000d1980000, 0x00000000f0000000)
  object space 26112K, 25% used [0x00000000d0000000,0x00000000d0686ad0,0x00000000d1980000)
 Metaspace       used 23428K, capacity 23660K, committed 23808K, reserved 1071104K
  class space    used 2942K, capacity 3042K, committed 3072K, reserved 1048576K
}

Deoptimization events (10 events):
Event: 0.946 Thread 0x0000000015fe2800 Uncommon trap: reason=bimorphic action=maybe_recompile pc=0x0000000002e4e4a4 method=java.util.HashMap.putVal(ILjava/lang/Object;Ljava/lang/Object;ZZ)Ljava/lang/Object; @ 91
Event: 0.946 Thread 0x0000000015fe2800 Uncommon trap: reason=bimorphic action=maybe_recompile pc=0x0000000002e4e4a4 method=java.util.HashMap.putVal(ILjava/lang/Object;Ljava/lang/Object;ZZ)Ljava/lang/Object; @ 91
Event: 0.946 Thread 0x0000000015fe2800 Uncommon trap: reason=bimorphic action=maybe_recompile pc=0x0000000002e4e4a4 method=java.util.HashMap.putVal(ILjava/lang/Object;Ljava/lang/Object;ZZ)Ljava/lang/Object; @ 91
Event: 1.019 Thread 0x0000000015fe2800 Uncommon trap: reason=unstable_if action=reinterpret pc=0x0000000002e621b4 method=java.lang.String.regionMatches(ZILjava/lang/String;II)Z @ 123
Event: 1.023 Thread 0x0000000015fe2800 Uncommon trap: reason=class_check action=maybe_recompile pc=0x0000000002ecade4 method=java.util.regex.Pattern$BmpCharProperty.match(Ljava/util/regex/Matcher;ILjava/lang/CharSequence;)Z @ 31
Event: 1.023 Thread 0x0000000015fe2800 Uncommon trap: reason=unstable_if action=reinterpret pc=0x0000000002ecad80 method=java.util.regex.Pattern$BmpCharProperty.match(Ljava/util/regex/Matcher;ILjava/lang/CharSequence;)Z @ 5
Event: 1.145 Thread 0x0000000015fe2800 Uncommon trap: reason=unstable_if action=reinterpret pc=0x0000000002e30e94 method=java.io.WinNTFileSystem.normalize(Ljava/lang/String;)Ljava/lang/String; @ 128
Event: 1.296 Thread 0x0000000015fe2800 Uncommon trap: reason=class_check action=maybe_recompile pc=0x0000000002ed6aa8 method=java.util.regex.Pattern$Curly.match(Ljava/util/regex/Matcher;ILjava/lang/CharSequence;)Z @ 19
Event: 1.309 Thread 0x0000000015fe2800 Uncommon trap: reason=class_check action=maybe_recompile pc=0x0000000002ed6aa8 method=java.util.regex.Pattern$Curly.match(Ljava/util/regex/Matcher;ILjava/lang/CharSequence;)Z @ 19
Event: 1.309 Thread 0x0000000015fe2800 Uncommon trap: reason=class_check action=maybe_recompile pc=0x0000000002ed6aa8 method=java.util.regex.Pattern$Curly.match(Ljava/util/regex/Matcher;ILjava/lang/CharSequence;)Z @ 19

Classes redefined (0 events):
No events

Internal exceptions (10 events):
Event: 0.120 Thread 0x0000000002a32800 Exception <a 'java/security/PrivilegedActionException'> (0x00000000f00cdd20) thrown at [C:\re\workspace\8-2-build-windows-amd64-cygwin\jdk8u202\12323\hotspot\src\share\vm\prims\jvm.cpp, line 1502]
Event: 0.120 Thread 0x0000000002a32800 Exception <a 'java/security/PrivilegedActionException'> (0x00000000f00cdf30) thrown at [C:\re\workspace\8-2-build-windows-amd64-cygwin\jdk8u202\12323\hotspot\src\share\vm\prims\jvm.cpp, line 1502]
Event: 0.121 Thread 0x0000000002a32800 Exception <a 'java/security/PrivilegedActionException'> (0x00000000f00d1e40) thrown at [C:\re\workspace\8-2-build-windows-amd64-cygwin\jdk8u202\12323\hotspot\src\share\vm\prims\jvm.cpp, line 1502]
Event: 0.121 Thread 0x0000000002a32800 Exception <a 'java/security/PrivilegedActionException'> (0x00000000f00d2050) thrown at [C:\re\workspace\8-2-build-windows-amd64-cygwin\jdk8u202\12323\hotspot\src\share\vm\prims\jvm.cpp, line 1502]
Event: 0.124 Thread 0x0000000002a32800 Exception <a 'java/io/FileNotFoundException'> (0x00000000f00d4e98) thrown at [C:\re\workspace\8-2-build-windows-amd64-cygwin\jdk8u202\12323\hotspot\src\share\vm\prims\jni.cpp, line 710]
Event: 0.152 Thread 0x0000000002a32800 Exception <a 'java/lang/NoSuchFieldError': method resolution failed> (0x00000000f01a6980) thrown at [C:\re\workspace\8-2-build-windows-amd64-cygwin\jdk8u202\12323\hotspot\src\share\vm\prims\methodHandles.cpp, line 1167]
Event: 0.158 Thread 0x0000000002a32800 Exception <a 'java/lang/NoSuchFieldError': method resolution failed> (0x00000000f01b3d68) thrown at [C:\re\workspace\8-2-build-windows-amd64-cygwin\jdk8u202\12323\hotspot\src\share\vm\prims\methodHandles.cpp, line 1167]
Event: 0.211 Thread 0x0000000015fe2800 Exception <a 'java/io/FileNotFoundException'> (0x00000000f02b7908) thrown at [C:\re\workspace\8-2-build-windows-amd64-cygwin\jdk8u202\12323\hotspot\src\share\vm\prims\jni.cpp, line 710]
Event: 0.238 Thread 0x0000000015fe2800 Implicit null exception at 0x0000000002cb49db to 0x0000000002cb4b85
Event: 0.923 Thread 0x0000000015fe2800 Exception <a 'java/lang/NoClassDefFoundError': javax/validation/Validation> (0x00000000f01a4fb8) thrown at [C:\re\workspace\8-2-build-windows-amd64-cygwin\jdk8u202\12323\hotspot\src\share\vm\classfile\systemDictionary.cpp, line 199]

Events (10 events):
Event: 1.340 loading class com/mysql/cj/conf/StringPropertyDefinition
Event: 1.340 loading class com/mysql/cj/conf/StringPropertyDefinition done
Event: 1.340 loading class com/mysql/cj/conf/AbstractPropertyDefinition
Event: 1.340 loading class com/mysql/cj/conf/AbstractPropertyDefinition done
Event: 1.341 loading class com/mysql/cj/conf/BooleanPropertyDefinition
Event: 1.341 loading class com/mysql/cj/conf/BooleanPropertyDefinition done
Event: 1.341 loading class com/mysql/cj/conf/EnumPropertyDefinition
Event: 1.341 loading class com/mysql/cj/conf/EnumPropertyDefinition done
Event: 1.342 loading class com/mysql/cj/conf/IntegerPropertyDefinition
Event: 1.342 loading class com/mysql/cj/conf/IntegerPropertyDefinition done


Dynamic libraries:
0x00007ff674e50000 - 0x00007ff674e87000 	C:\Program Files\Java\jdk1.8.0_202\bin\java.exe
0x00007ff877a10000 - 0x00007ff877c08000 	C:\Windows\SYSTEM32\ntdll.dll
0x00007ff876370000 - 0x00007ff87642d000 	C:\Windows\System32\KERNEL32.DLL
0x00007ff875150000 - 0x00007ff875422000 	C:\Windows\System32\KERNELBASE.dll
0x00007ff877540000 - 0x00007ff8775ee000 	C:\Windows\System32\ADVAPI32.dll
0x00007ff8762d0000 - 0x00007ff87636e000 	C:\Windows\System32\msvcrt.dll
0x00007ff876200000 - 0x00007ff87629c000 	C:\Windows\System32\sechost.dll
0x00007ff8777a0000 - 0x00007ff8778c5000 	C:\Windows\System32\RPCRT4.dll
0x00007ff875a70000 - 0x00007ff875c0d000 	C:\Windows\System32\USER32.dll
0x00007ff875120000 - 0x00007ff875142000 	C:\Windows\System32\win32u.dll
0x00007ff8762a0000 - 0x00007ff8762cb000 	C:\Windows\System32\GDI32.dll
0x00007ff875480000 - 0x00007ff87558f000 	C:\Windows\System32\gdi32full.dll
0x00007ff8756c0000 - 0x00007ff87575d000 	C:\Windows\System32\msvcp_win.dll
0x00007ff875590000 - 0x00007ff875690000 	C:\Windows\System32\ucrtbase.dll
0x00007ff866c50000 - 0x00007ff866eea000 	C:\Windows\WinSxS\amd64_microsoft.windows.common-controls_6595b64144ccf1df_6.0.19041.1110_none_60b5254171f9507e\COMCTL32.dll
0x00007ff8779a0000 - 0x00007ff8779d0000 	C:\Windows\System32\IMM32.DLL
0x000000005b140000 - 0x000000005b212000 	C:\Program Files\Java\jdk1.8.0_202\jre\bin\msvcr100.dll
0x000000005b220000 - 0x000000005bac5000 	C:\Program Files\Java\jdk1.8.0_202\jre\bin\server\jvm.dll
0x00007ff875dc0000 - 0x00007ff875dc8000 	C:\Windows\System32\PSAPI.DLL
0x00007ff86e530000 - 0x00007ff86e539000 	C:\Windows\SYSTEM32\WSOCK32.dll
0x00007ff877930000 - 0x00007ff87799b000 	C:\Windows\System32\WS2_32.dll
0x00007ff86c030000 - 0x00007ff86c057000 	C:\Windows\SYSTEM32\WINMM.dll
0x00007ff86d140000 - 0x00007ff86d14a000 	C:\Windows\SYSTEM32\VERSION.dll
0x00007ff86e520000 - 0x00007ff86e52f000 	C:\Program Files\Java\jdk1.8.0_202\jre\bin\verify.dll
0x00007ff866100000 - 0x00007ff866129000 	C:\Program Files\Java\jdk1.8.0_202\jre\bin\java.dll
0x00007ff8664d0000 - 0x00007ff8664e6000 	C:\Program Files\Java\jdk1.8.0_202\jre\bin\zip.dll
0x00007ff876d00000 - 0x00007ff877443000 	C:\Windows\System32\SHELL32.dll
0x00007ff873200000 - 0x00007ff873991000 	C:\Windows\SYSTEM32\windows.storage.dll
0x00007ff875dd0000 - 0x00007ff876124000 	C:\Windows\System32\combase.dll
0x00007ff874aa0000 - 0x00007ff874ad0000 	C:\Windows\SYSTEM32\Wldp.dll
0x00007ff876c50000 - 0x00007ff876cfd000 	C:\Windows\System32\SHCORE.dll
0x00007ff8778d0000 - 0x00007ff877925000 	C:\Windows\System32\shlwapi.dll
0x00007ff875060000 - 0x00007ff87507f000 	C:\Windows\SYSTEM32\profapi.dll
0x00007ff861360000 - 0x00007ff8614f9000 	C:\Program Files\Java\jdk1.8.0_202\jre\bin\awt.dll
0x00007ff876130000 - 0x00007ff8761fd000 	C:\Windows\System32\OLEAUT32.dll
0x00007ff872a60000 - 0x00007ff872af1000 	C:\Windows\SYSTEM32\apphelp.dll
0x00007ff872b40000 - 0x00007ff872bde000 	C:\Windows\system32\uxtheme.dll
0x00007ff876430000 - 0x00007ff876545000 	C:\Windows\System32\MSCTF.dll
0x00007ff8775f0000 - 0x00007ff87771a000 	C:\Windows\System32\ole32.dll
0x00007ff873000000 - 0x00007ff873012000 	C:\Windows\SYSTEM32\kernel.appcore.dll
0x00007ff875760000 - 0x00007ff8757e2000 	C:\Windows\System32\bcryptPrimitives.dll
0x00007ff872ef0000 - 0x00007ff872f1f000 	C:\Windows\system32\DWMAPI.DLL
0x00007ff85b1e0000 - 0x00007ff85b307000 	C:\Windows\system32\opengl32.dll
0x00007ff865110000 - 0x00007ff86513c000 	C:\Windows\SYSTEM32\GLU32.dll
0x00007ff842ec0000 - 0x00007ff84308f000 	C:\Windows\system32\d3d9.dll
0x00007ff867f40000 - 0x00007ff868636000 	C:\Windows\SYSTEM32\d3d10warp.dll
0x00007ff870d80000 - 0x00007ff870dbb000 	C:\Windows\SYSTEM32\dxcore.dll
0x00007ff875430000 - 0x00007ff87547e000 	C:\Windows\System32\cfgmgr32.dll
0x00007ff864bf0000 - 0x00007ff864c37000 	C:\Program Files\Java\jdk1.8.0_202\jre\bin\fontmanager.dll
0x00007ff866150000 - 0x00007ff86616a000 	C:\Program Files\Java\jdk1.8.0_202\jre\bin\net.dll
0x00007ff86b220000 - 0x00007ff86b40d000 	C:\Windows\SYSTEM32\urlmon.dll
0x00007ff86ae70000 - 0x00007ff86b121000 	C:\Windows\SYSTEM32\iertutil.dll
0x00007ff86b130000 - 0x00007ff86b158000 	C:\Windows\SYSTEM32\srvcli.dll
0x00007ff874530000 - 0x00007ff87453c000 	C:\Windows\SYSTEM32\netutils.dll
0x00007ff874800000 - 0x00007ff87486a000 	C:\Windows\system32\mswsock.dll
0x00007ff865ad0000 - 0x00007ff865ae2000 	C:\Program Files\Java\jdk1.8.0_202\jre\bin\nio.dll
0x00007ff8641a0000 - 0x00007ff8641e2000 	C:\Program Files\Java\jdk1.8.0_202\jre\bin\t2k.dll
0x00007ff876560000 - 0x00007ff87660f000 	C:\Windows\System32\clbcatq.dll
0x00007ff869b90000 - 0x00007ff869d44000 	C:\Windows\SYSTEM32\WindowsCodecs.dll
0x00007ff875690000 - 0x00007ff8756b7000 	C:\Windows\System32\bcrypt.dll
0x00007ff8632b0000 - 0x00007ff8632ee000 	C:\Windows\system32\dataexchange.dll
0x00007ff871100000 - 0x00007ff871363000 	C:\Windows\system32\d3d11.dll
0x00007ff8722e0000 - 0x00007ff8724c3000 	C:\Windows\system32\dcomp.dll
0x00007ff8739e0000 - 0x00007ff873ad3000 	C:\Windows\system32\dxgi.dll
0x00007ff86a260000 - 0x00007ff86a460000 	C:\Windows\system32\twinapi.appcore.dll
0x00007ff862900000 - 0x00007ff862924000 	C:\Program Files\Java\jdk1.8.0_202\jre\bin\sunec.dll
0x00007ff8744f0000 - 0x00007ff87452b000 	C:\Windows\SYSTEM32\IPHLPAPI.DLL
0x00007ff876550000 - 0x00007ff876558000 	C:\Windows\System32\NSI.dll
0x00007ff870230000 - 0x00007ff870247000 	C:\Windows\SYSTEM32\dhcpcsvc6.DLL
0x00007ff8701f0000 - 0x00007ff87020d000 	C:\Windows\SYSTEM32\dhcpcsvc.DLL
0x00007ff874590000 - 0x00007ff87465a000 	C:\Windows\SYSTEM32\DNSAPI.dll

VM Arguments:
java_command: com.mycompany.pruebabd.pruebaBD
java_class_path (initial): C:\Users\usuario\Documents\NetBeansProjects\pruebaBD\target\classes;C:\Users\usuario\.m2\repository\org\eclipse\persistence\org.eclipse.persistence.core\2.7.10\org.eclipse.persistence.core-2.7.10.jar;C:\Users\usuario\.m2\repository\org\eclipse\persistence\org.eclipse.persistence.asm\9.2.0\org.eclipse.persistence.asm-9.2.0.jar;C:\Users\usuario\.m2\repository\org\eclipse\persistence\org.eclipse.persistence.antlr\2.7.10\org.eclipse.persistence.antlr-2.7.10.jar;C:\Users\usuario\.m2\repository\org\eclipse\persistence\org.eclipse.persistence.jpa\2.7.10\org.eclipse.persistence.jpa-2.7.10.jar;C:\Users\usuario\.m2\repository\org\eclipse\persistence\org.eclipse.persistence.jpa.jpql\2.7.10\org.eclipse.persistence.jpa.jpql-2.7.10.jar;C:\Users\usuario\.m2\repository\org\eclipse\persistence\org.eclipse.persistence.moxy\2.7.10\org.eclipse.persistence.moxy-2.7.10.jar;C:\Users\usuario\.m2\repository\org\eclipse\persistence\jakarta.persistence\2.2.3\jakarta.persistence-2.2.3.jar;C:\Users\usuario\.m2\repository\mysql\mysql-connector-java\8.0.26\mysql-connector-java-8.0.26.jar;C:\Users\usuario\.m2\repository\com\google\protobuf\protobuf-java\3.11.4\protobuf-java-3.11.4.jar;C:\Users\usuario\.m2\repository\unknown\binary\AbsoluteLayout\SNAPSHOT\AbsoluteLayout-SNAPSHOT.jar
Launcher Type: SUN_STANDARD

Environment Variables:
JAVA_HOME=C:\Program Files\Java\jdk1.8.0_202
PATH=C:\Program Files\Common Files\Oracle\Java\javapath;C:\Program Files (x86)\Common Files\Oracle\Java\javapath;C:\Windows\system32;C:\Windows;C:\Windows\System32\Wbem;C:\Windows\System32\WindowsPowerShell\v1.0\;C:\Windows\System32\OpenSSH\;C:\Program Files\MySQL\MySQL Shell 8.0\bin\;C:\Users\usuario\AppData\Local\Microsoft\WindowsApps;
USERNAME=usuario
OS=Windows_NT
PROCESSOR_IDENTIFIER=AMD64 Family 15 Model 6 Stepping 1, AuthenticAMD



---------------  S Y S T E M  ---------------

OS: Windows 10.0 , 64 bit Build 19041 (10.0.19041.1889)

CPU:total 2 (initial active 2) (2 cores per cpu, 1 threads per core) family 15 model 6 stepping 1, cmov, cx8, fxsr, mmx, sse, sse2, sse3, tsc

Memory: 4k page, physical 3145180k(185020k free), swap 9363276k(2920k free)

vm_info: Java HotSpot(TM) 64-Bit Server VM (25.202-b08) for windows-amd64 JRE (1.8.0_202-b08), built on Dec 15 2018 19:54:30 by "java_re" with MS VC++ 10.0 (VS2010)

time: Fri Nov 04 20:50:55 2022
timezone: Hora estándar romance
elapsed time: 1 seconds (0d 0h 0m 1s)

